modules/expo-sms-native/android/build/intermediates/manifest_merge_blame_file/debug/processDebugManifest/manifest-merger-blame-debug-report.txt
1<?xml version="1.0" encoding="utf-8"?>
2<manifest xmlns:android="http://schemas.android.com/apk/res/android"
3    package="expo.modules.smsnative" >
4
5    <uses-sdk android:minSdkVersion="24" />
6
7    <uses-permission android:name="android.permission.RECEIVE_SMS" />
7-->src\main\AndroidManifest.xml:2:5-70
7-->src\main\AndroidManifest.xml:2:22-67
8
9</manifest>